#
# There is insufficient memory for the Java Runtime Environment to continue.
# Native memory allocation (malloc) failed to allocate 1048576 bytes for AllocateHeap
# Possible reasons:
#   The system is out of physical RAM or swap space
#   The process is running with CompressedOops enabled, and the Java Heap may be blocking the growth of the native heap
# Possible solutions:
#   Reduce memory load on the system
#   Increase physical memory or swap space
#   Check if swap backing store is full
#   Decrease Java heap size (-Xmx/-Xms)
#   Decrease number of Java threads
#   Decrease Java thread stack sizes (-Xss)
#   Set larger code cache with -XX:ReservedCodeCacheSize=
#   JVM is running with Unscaled Compressed Oops mode in which the Java heap is
#     placed in the first 4GB address space. The Java Heap base address is the
#     maximum limit for the native heap growth. Please use -XX:HeapBaseMinAddress
#     to set the Java Heap base and to place the Java Heap above 4GB virtual address.
# This output file may be truncated or incomplete.
#
#  Out of Memory Error (memory/allocation.inline.hpp:61), pid=16260, tid=0x0000000000004340
#
# JRE version:  (8.0_251-b08) (build )
# Java VM: Java HotSpot(TM) 64-Bit Server VM (25.251-b08 mixed mode windows-amd64 compressed oops)
# Failed to write core dump. Minidumps are not enabled by default on client versions of Windows
#

---------------  T H R E A D  ---------------

Current thread (0x00000000031ae000):  JavaThread "Unknown thread" [_thread_in_vm, id=17216, stack(0x00000000031b0000,0x00000000032b0000)]

Stack: [0x00000000031b0000,0x00000000032b0000]
[error occurred during error reporting (printing stack bounds), id 0xc0000005]

Native frames: (J=compiled Java code, j=interpreted, Vv=VM code, C=native code)


---------------  P R O C E S S  ---------------

Java Threads: ( => current thread )

Other Threads:

=>0x00000000031ae000 (exited) JavaThread "Unknown thread" [_thread_in_vm, id=17216, stack(0x00000000031b0000,0x00000000032b0000)]

VM state:not at safepoint (normal execution)

VM Mutex/Monitor currently owned by a thread: None

heap address: 0x0000000085800000, size: 1960 MB, Compressed Oops mode: 32-bit
Narrow klass base: 0x0000000000000000, Narrow klass shift: 3
Compressed class space size: 1073741824 Address: 0x0000000100000000

Heap:
 PSYoungGen      total 36864K, used 634K [0x00000000d7300000, 0x00000000d9c00000, 0x0000000100000000)
  eden space 31744K, 2% used [0x00000000d7300000,0x00000000d739eb90,0x00000000d9200000)
  from space 5120K, 0% used [0x00000000d9700000,0x00000000d9700000,0x00000000d9c00000)
  to   space 5120K, 0% used [0x00000000d9200000,0x00000000d9200000,0x00000000d9700000)
 ParOldGen       total 84992K, used 0K [0x0000000085800000, 0x000000008ab00000, 0x00000000d7300000)
  object space 84992K, 0% used [0x0000000085800000,0x0000000085800000,0x000000008ab00000)
 Metaspace       used 752K, capacity 4480K, committed 4480K, reserved 1056768K
  class space    used 76K, capacity 384K, committed 384K, reserved 1048576K

Card table byte_map: [0x0000000012770000,0x0000000012b50000] byte_map_base: 0x0000000012344000

Marking Bits: (ParMarkBitMap*) 0x000000006e83af90
 Begin Bits: [0x00000000135e0000, 0x0000000015480000)
 End Bits:   [0x0000000015480000, 0x0000000017320000)

Polling page: 0x0000000001020000

CodeCache: size=245760Kb used=328Kb max_used=328Kb free=245431Kb
 bounds [0x00000000033b0000, 0x0000000003620000, 0x00000000123b0000]
 total_blobs=58 nmethods=0 adapters=38
 compilation: enabled

Compilation events (0 events):
No events

GC Heap History (0 events):
No events

Deoptimization events (0 events):
No events

Classes redefined (0 events):
No events

Internal exceptions (0 events):
No events

Events (10 events):
Event: 0.028 loading class java/lang/Short
Event: 0.029 loading class java/lang/Short done
Event: 0.029 loading class java/lang/Integer
Event: 0.029 loading class java/lang/Integer done
Event: 0.029 loading class java/lang/Long
Event: 0.029 loading class java/lang/Long done
Event: 0.029 loading class java/lang/NullPointerException
Event: 0.029 loading class java/lang/NullPointerException done
Event: 0.029 loading class java/lang/ArithmeticException
Event: 0.029 loading class java/lang/ArithmeticException done


Dynamic libraries:
0x00007ff61fdd0000 - 0x00007ff61fe07000 	C:\Program Files\Java\jre1.8.0_251\bin\javaw.exe
0x00007ffd14980000 - 0x00007ffd14b70000 	C:\WINDOWS\SYSTEM32\ntdll.dll
0x00007ffd13120000 - 0x00007ffd131d2000 	C:\WINDOWS\System32\KERNEL32.DLL
0x00007ffd12660000 - 0x00007ffd12904000 	C:\WINDOWS\System32\KERNELBASE.dll
0x00007ffd131e0000 - 0x00007ffd13283000 	C:\WINDOWS\System32\ADVAPI32.dll
0x00007ffd13080000 - 0x00007ffd1311e000 	C:\WINDOWS\System32\msvcrt.dll
0x00007ffd14690000 - 0x00007ffd14727000 	C:\WINDOWS\System32\sechost.dll
0x00007ffd13a70000 - 0x00007ffd13b90000 	C:\WINDOWS\System32\RPCRT4.dll
0x00007ffd13290000 - 0x00007ffd13424000 	C:\WINDOWS\System32\USER32.dll
0x00007ffd12430000 - 0x00007ffd12451000 	C:\WINDOWS\System32\win32u.dll
0x00007ffd14730000 - 0x00007ffd14756000 	C:\WINDOWS\System32\GDI32.dll
0x00007ffd12460000 - 0x00007ffd125f5000 	C:\WINDOWS\System32\gdi32full.dll
0x00007ffd12990000 - 0x00007ffd12a2e000 	C:\WINDOWS\System32\msvcp_win.dll
0x00007ffd11b10000 - 0x00007ffd11c0a000 	C:\WINDOWS\System32\ucrtbase.dll
0x00007ffd04ce0000 - 0x00007ffd04f64000 	C:\WINDOWS\WinSxS\amd64_microsoft.windows.common-controls_6595b64144ccf1df_6.0.18362.900_none_e6beb9d913147d17\COMCTL32.dll
0x00007ffd13c60000 - 0x00007ffd13f95000 	C:\WINDOWS\System32\combase.dll
0x00007ffd12910000 - 0x00007ffd12990000 	C:\WINDOWS\System32\bcryptPrimitives.dll
0x00007ffd13550000 - 0x00007ffd1357e000 	C:\WINDOWS\System32\IMM32.DLL
0x0000000070390000 - 0x0000000070462000 	C:\Program Files\Java\jre1.8.0_251\bin\msvcr100.dll
0x000000006e010000 - 0x000000006e8bb000 	C:\Program Files\Java\jre1.8.0_251\bin\server\jvm.dll
0x00007ffd13540000 - 0x00007ffd13548000 	C:\WINDOWS\System32\PSAPI.DLL
0x00007ffcfb050000 - 0x00007ffcfb059000 	C:\WINDOWS\SYSTEM32\WSOCK32.dll
0x00007ffd0f8b0000 - 0x00007ffd0f8d4000 	C:\WINDOWS\SYSTEM32\WINMM.dll
0x00007ffd0bd30000 - 0x00007ffd0bd3a000 	C:\WINDOWS\SYSTEM32\VERSION.dll
0x00007ffd12d10000 - 0x00007ffd12d7f000 	C:\WINDOWS\System32\WS2_32.dll
0x00007ffd0f770000 - 0x00007ffd0f79d000 	C:\WINDOWS\SYSTEM32\WINMMBASE.dll
0x00007ffd123e0000 - 0x00007ffd1242a000 	C:\WINDOWS\System32\cfgmgr32.dll
0x00007ffd0d990000 - 0x00007ffd0d99f000 	C:\Program Files\Java\jre1.8.0_251\bin\verify.dll
0x00007ffcffbf0000 - 0x00007ffcffc19000 	C:\Program Files\Java\jre1.8.0_251\bin\java.dll
0x00007ffd06650000 - 0x00007ffd06666000 	C:\Program Files\Java\jre1.8.0_251\bin\zip.dll

VM Arguments:
jvm_args: -Dfile.encoding=MS949 
java_command: java_project.JPanel_search
java_class_path (initial): D:\java\workspace\java_project\bin
Launcher Type: SUN_STANDARD

Environment Variables:
PATH=C:/Program Files/Java/jre1.8.0_251/bin/server;C:/Program Files/Java/jre1.8.0_251/bin;C:/Program Files/Java/jre1.8.0_251/lib/amd64;C:\Program Files (x86)\Common Files\Oracle\Java\javapath;C:\Program Files (x86)\Intel\iCLS Client\;C:\Program Files\Intel\iCLS Client\;C:\Windows\system32;C:\Windows;C:\Windows\System32\Wbem;C:\Windows\System32\WindowsPowerShell\v1.0\;C:\Program Files (x86)\Intel\Intel(R) Management Engine Components\DAL;C:\Program Files\Intel\Intel(R) Management Engine Components\DAL;C:\Program Files (x86)\Intel\Intel(R) Management Engine Components\IPT;C:\Program Files\Intel\Intel(R) Management Engine Components\IPT;C:\Program Files (x86)\NVIDIA Corporation\PhysX\Common;C:\Program Files\NVIDIA Corporation\NVIDIA NvDLISR;C:\WINDOWS\system32;C:\WINDOWS;C:\WINDOWS\System32\Wbem;C:\WINDOWS\System32\WindowsPowerShell\v1.0\;C:\WINDOWS\System32\OpenSSH\;C:\Program Files\dotnet\;C:\Program Files\Microsoft SQL Server\130\Tools\Binn\;D:\putty\;C:\Users\barkg\AppData\Local\Microsoft\WindowsApps;C:\Program Files\Bandizip\;C:\Users\barkg\AppData\Local\atom\bin;%USERPROFILE%\AppData\Local\Microsoft\WindowsApps;;C:\Users\barkg\OneDrive\바탕 화면;
USERNAME=barkg
OS=Windows_NT
PROCESSOR_IDENTIFIER=Intel64 Family 6 Model 142 Stepping 10, GenuineIntel



---------------  S Y S T E M  ---------------

OS: Windows 10.0 , 64 bit Build 18362 (10.0.18362.900)

CPU:total 8 (initial active 8) (4 cores per cpu, 2 threads per core) family 6 model 142 stepping 10, cmov, cx8, fxsr, mmx, sse, sse2, sse3, ssse3, sse4.1, sse4.2, popcnt, avx, avx2, aes, clmul, erms, 3dnowpref, lzcnt, ht, tsc, tscinvbit, bmi1, bmi2, adx

Memory: 4k page, physical 8021784k(2491548k free), swap 21716628k(5304k free)

vm_info: Java HotSpot(TM) 64-Bit Server VM (25.251-b08) for windows-amd64 JRE (1.8.0_251-b08), built on Mar 12 2020 06:31:49 by "" with MS VC++ 10.0 (VS2010)

time: Fri Jun 19 19:46:11 2020
timezone: 대한민국 표준시
elapsed time: 0 seconds (0d 0h 0m 0s)

